[18-Dec-2015 10:34:00 Europe/Helsinki] PHP Fatal error:  Call to a member function fetch_array() on boolean in /var/www/luch/www/controller/Folder.php on line 298
[18-Dec-2015 10:34:00 Europe/Helsinki] PHP Stack trace:
[18-Dec-2015 10:34:00 Europe/Helsinki] PHP   1. {main}() /var/www/luch/www/view/flights.php:0
[18-Dec-2015 10:34:00 Europe/Helsinki] PHP   2. FlightsModel->BuildSelectedFolderContent() /var/www/luch/www/view/flights.php:558
[18-Dec-2015 10:34:00 Europe/Helsinki] PHP   3. FlightsModel->GetFlightsByPath() /var/www/luch/www/model/FlightsModel.php:910
[18-Dec-2015 10:34:00 Europe/Helsinki] PHP   4. Folder->GetFlightsByFolder() /var/www/luch/www/model/FlightsModel.php:414
[18-Dec-2015 10:34:21 Europe/Helsinki] PHP Fatal error:  Call to a member function fetch_array() on boolean in /var/www/luch/www/controller/Folder.php on line 298
[18-Dec-2015 10:34:21 Europe/Helsinki] PHP Stack trace:
[18-Dec-2015 10:34:21 Europe/Helsinki] PHP   1. {main}() /var/www/luch/www/view/flights.php:0
[18-Dec-2015 10:34:21 Europe/Helsinki] PHP   2. FlightsModel->BuildSelectedFolderContent() /var/www/luch/www/view/flights.php:558
[18-Dec-2015 10:34:21 Europe/Helsinki] PHP   3. FlightsModel->GetFlightsByPath() /var/www/luch/www/model/FlightsModel.php:910
[18-Dec-2015 10:34:21 Europe/Helsinki] PHP   4. Folder->GetFlightsByFolder() /var/www/luch/www/model/FlightsModel.php:414
[21-Jan-2016 16:19:58 Europe/Helsinki] PHP Notice:  Undefined index: action in /var/www/luch/www/model/UserModel.php on line 46
[21-Jan-2016 16:19:58 Europe/Helsinki] PHP Stack trace:
[21-Jan-2016 16:19:58 Europe/Helsinki] PHP   1. {main}() /var/www/luch/www/view/user.php:0
[21-Jan-2016 16:19:58 Europe/Helsinki] PHP   2. UserModel->__construct() /var/www/luch/www/view/user.php:6
[21-Jan-2016 16:19:58 Europe/Helsinki] Incorect input. Data: {"lang":"ru"} . Action: null . Page: userPage.
[21-Jan-2016 16:19:58 Europe/Helsinki] PHP Notice:  Undefined index: userChangeLanguage in /var/www/luch/www/view/user.php on line 52
[21-Jan-2016 16:19:58 Europe/Helsinki] PHP Stack trace:
[21-Jan-2016 16:19:58 Europe/Helsinki] PHP   1. {main}() /var/www/luch/www/view/user.php:0
[21-Jan-2016 16:19:59 Europe/Helsinki] PHP Notice:  Undefined index: action in /var/www/luch/www/model/UserModel.php on line 46
[21-Jan-2016 16:19:59 Europe/Helsinki] PHP Stack trace:
[21-Jan-2016 16:19:59 Europe/Helsinki] PHP   1. {main}() /var/www/luch/www/view/user.php:0
[21-Jan-2016 16:19:59 Europe/Helsinki] PHP   2. UserModel->__construct() /var/www/luch/www/view/user.php:6
[21-Jan-2016 16:19:59 Europe/Helsinki] Incorect input. Data: {"lang":"ru"} . Action: null . Page: userPage.
[21-Jan-2016 16:19:59 Europe/Helsinki] PHP Notice:  Undefined index: userChangeLanguage in /var/www/luch/www/view/user.php on line 52
[21-Jan-2016 16:19:59 Europe/Helsinki] PHP Stack trace:
[21-Jan-2016 16:19:59 Europe/Helsinki] PHP   1. {main}() /var/www/luch/www/view/user.php:0
[21-Jan-2016 16:19:59 Europe/Helsinki] PHP Notice:  Undefined index: action in /var/www/luch/www/model/UserModel.php on line 46
[21-Jan-2016 16:19:59 Europe/Helsinki] PHP Stack trace:
[21-Jan-2016 16:19:59 Europe/Helsinki] PHP   1. {main}() /var/www/luch/www/view/user.php:0
[21-Jan-2016 16:19:59 Europe/Helsinki] PHP   2. UserModel->__construct() /var/www/luch/www/view/user.php:6
[21-Jan-2016 16:19:59 Europe/Helsinki] Incorect input. Data: {"lang":"en"} . Action: null . Page: userPage.
[21-Jan-2016 16:19:59 Europe/Helsinki] PHP Notice:  Undefined index: userChangeLanguage in /var/www/luch/www/view/user.php on line 52
[21-Jan-2016 16:19:59 Europe/Helsinki] PHP Stack trace:
[21-Jan-2016 16:19:59 Europe/Helsinki] PHP   1. {main}() /var/www/luch/www/view/user.php:0
[21-Jan-2016 16:20:00 Europe/Helsinki] PHP Fatal error:  Call to undefined method UserModel::Logout() in /var/www/luch/www/view/user.php on line 25
[21-Jan-2016 16:20:00 Europe/Helsinki] PHP Stack trace:
[21-Jan-2016 16:20:00 Europe/Helsinki] PHP   1. {main}() /var/www/luch/www/view/user.php:0
[21-Jan-2016 16:20:04 Europe/Helsinki] PHP Notice:  Undefined index: action in /var/www/luch/www/model/UserModel.php on line 46
[21-Jan-2016 16:20:04 Europe/Helsinki] PHP Stack trace:
[21-Jan-2016 16:20:04 Europe/Helsinki] PHP   1. {main}() /var/www/luch/www/view/user.php:0
[21-Jan-2016 16:20:04 Europe/Helsinki] PHP   2. UserModel->__construct() /var/www/luch/www/view/user.php:6
[21-Jan-2016 16:20:04 Europe/Helsinki] Incorect input. Data: {"lang":"ru"} . Action: null . Page: userPage.
[21-Jan-2016 16:20:04 Europe/Helsinki] PHP Notice:  Undefined property: UserModel::$currPage in /var/www/luch/www/view/user.php on line 102
[21-Jan-2016 16:20:04 Europe/Helsinki] PHP Stack trace:
[21-Jan-2016 16:20:04 Europe/Helsinki] PHP   1. {main}() /var/www/luch/www/view/user.php:0
[21-Jan-2016 16:20:04 Europe/Helsinki] PHP Notice:  Undefined variable: userLogin in /var/www/luch/www/controller/User.php on line 467
[21-Jan-2016 16:20:04 Europe/Helsinki] PHP Stack trace:
[21-Jan-2016 16:20:04 Europe/Helsinki] PHP   1. {main}() /var/www/luch/www/view/user.php:0
[21-Jan-2016 16:20:04 Europe/Helsinki] PHP   2. UserModel->RegisterActionReject() /var/www/luch/www/view/user.php:103
[21-Jan-2016 16:20:04 Europe/Helsinki] PHP   3. UserModel->GetUserInfo() /var/www/luch/www/model/UserModel.php:108
[21-Jan-2016 16:20:04 Europe/Helsinki] PHP   4. User->GetUserInfo() /var/www/luch/www/model/UserModel.php:122
[21-Jan-2016 16:20:04 Europe/Helsinki] Authorization error. Page: 
[21-Jan-2016 16:20:05 Europe/Helsinki] PHP Notice:  Undefined index: action in /var/www/luch/www/model/UserModel.php on line 46
[21-Jan-2016 16:20:05 Europe/Helsinki] PHP Stack trace:
[21-Jan-2016 16:20:05 Europe/Helsinki] PHP   1. {main}() /var/www/luch/www/view/user.php:0
[21-Jan-2016 16:20:05 Europe/Helsinki] PHP   2. UserModel->__construct() /var/www/luch/www/view/user.php:6
[21-Jan-2016 16:20:05 Europe/Helsinki] Incorect input. Data: {"lang":"en"} . Action: null . Page: userPage.
[21-Jan-2016 16:20:05 Europe/Helsinki] PHP Notice:  Undefined property: UserModel::$currPage in /var/www/luch/www/view/user.php on line 102
[21-Jan-2016 16:20:05 Europe/Helsinki] PHP Stack trace:
[21-Jan-2016 16:20:05 Europe/Helsinki] PHP   1. {main}() /var/www/luch/www/view/user.php:0
[21-Jan-2016 16:20:05 Europe/Helsinki] PHP Notice:  Undefined variable: userLogin in /var/www/luch/www/controller/User.php on line 467
[21-Jan-2016 16:20:05 Europe/Helsinki] PHP Stack trace:
[21-Jan-2016 16:20:05 Europe/Helsinki] PHP   1. {main}() /var/www/luch/www/view/user.php:0
[21-Jan-2016 16:20:05 Europe/Helsinki] PHP   2. UserModel->RegisterActionReject() /var/www/luch/www/view/user.php:103
[21-Jan-2016 16:20:05 Europe/Helsinki] PHP   3. UserModel->GetUserInfo() /var/www/luch/www/model/UserModel.php:108
[21-Jan-2016 16:20:05 Europe/Helsinki] PHP   4. User->GetUserInfo() /var/www/luch/www/model/UserModel.php:122
[21-Jan-2016 16:20:05 Europe/Helsinki] Authorization error. Page: 
[21-Jan-2016 16:20:43 Europe/Helsinki] PHP Notice:  Undefined index: action in /var/www/luch/www/model/UserModel.php on line 46
[21-Jan-2016 16:20:43 Europe/Helsinki] PHP Stack trace:
[21-Jan-2016 16:20:43 Europe/Helsinki] PHP   1. {main}() /var/www/luch/www/view/user.php:0
[21-Jan-2016 16:20:43 Europe/Helsinki] PHP   2. UserModel->__construct() /var/www/luch/www/view/user.php:6
[21-Jan-2016 16:20:43 Europe/Helsinki] Incorect input. Data: {"lang":"ru"} . Action: null . Page: userPage.
[21-Jan-2016 16:20:43 Europe/Helsinki] PHP Notice:  Undefined property: UserModel::$currPage in /var/www/luch/www/view/user.php on line 102
[21-Jan-2016 16:20:43 Europe/Helsinki] PHP Stack trace:
[21-Jan-2016 16:20:43 Europe/Helsinki] PHP   1. {main}() /var/www/luch/www/view/user.php:0
[21-Jan-2016 16:20:43 Europe/Helsinki] PHP Notice:  Undefined variable: userLogin in /var/www/luch/www/controller/User.php on line 467
[21-Jan-2016 16:20:43 Europe/Helsinki] PHP Stack trace:
[21-Jan-2016 16:20:43 Europe/Helsinki] PHP   1. {main}() /var/www/luch/www/view/user.php:0
[21-Jan-2016 16:20:43 Europe/Helsinki] PHP   2. UserModel->RegisterActionReject() /var/www/luch/www/view/user.php:103
[21-Jan-2016 16:20:43 Europe/Helsinki] PHP   3. UserModel->GetUserInfo() /var/www/luch/www/model/UserModel.php:108
[21-Jan-2016 16:20:43 Europe/Helsinki] PHP   4. User->GetUserInfo() /var/www/luch/www/model/UserModel.php:122
[21-Jan-2016 16:20:43 Europe/Helsinki] Authorization error. Page: 
[21-Jan-2016 16:20:44 Europe/Helsinki] PHP Notice:  Undefined index: action in /var/www/luch/www/model/UserModel.php on line 46
[21-Jan-2016 16:20:44 Europe/Helsinki] PHP Stack trace:
[21-Jan-2016 16:20:44 Europe/Helsinki] PHP   1. {main}() /var/www/luch/www/view/user.php:0
[21-Jan-2016 16:20:44 Europe/Helsinki] PHP   2. UserModel->__construct() /var/www/luch/www/view/user.php:6
[21-Jan-2016 16:20:44 Europe/Helsinki] Incorect input. Data: {"lang":"en"} . Action: null . Page: userPage.
[21-Jan-2016 16:20:44 Europe/Helsinki] PHP Notice:  Undefined property: UserModel::$currPage in /var/www/luch/www/view/user.php on line 102
[21-Jan-2016 16:20:44 Europe/Helsinki] PHP Stack trace:
[21-Jan-2016 16:20:44 Europe/Helsinki] PHP   1. {main}() /var/www/luch/www/view/user.php:0
[21-Jan-2016 16:20:44 Europe/Helsinki] PHP Notice:  Undefined variable: userLogin in /var/www/luch/www/controller/User.php on line 467
[21-Jan-2016 16:20:44 Europe/Helsinki] PHP Stack trace:
[21-Jan-2016 16:20:44 Europe/Helsinki] PHP   1. {main}() /var/www/luch/www/view/user.php:0
[21-Jan-2016 16:20:44 Europe/Helsinki] PHP   2. UserModel->RegisterActionReject() /var/www/luch/www/view/user.php:103
[21-Jan-2016 16:20:44 Europe/Helsinki] PHP   3. UserModel->GetUserInfo() /var/www/luch/www/model/UserModel.php:108
[21-Jan-2016 16:20:44 Europe/Helsinki] PHP   4. User->GetUserInfo() /var/www/luch/www/model/UserModel.php:122
[21-Jan-2016 16:20:44 Europe/Helsinki] Authorization error. Page: 
[21-Jan-2016 16:20:48 Europe/Helsinki] PHP Notice:  Undefined property: UserModel::$currPage in /var/www/luch/www/view/user.php on line 102
[21-Jan-2016 16:20:48 Europe/Helsinki] PHP Stack trace:
[21-Jan-2016 16:20:48 Europe/Helsinki] PHP   1. {main}() /var/www/luch/www/view/user.php:0
[21-Jan-2016 16:20:48 Europe/Helsinki] PHP Notice:  Undefined variable: userLogin in /var/www/luch/www/controller/User.php on line 467
[21-Jan-2016 16:20:48 Europe/Helsinki] PHP Stack trace:
[21-Jan-2016 16:20:48 Europe/Helsinki] PHP   1. {main}() /var/www/luch/www/view/user.php:0
[21-Jan-2016 16:20:48 Europe/Helsinki] PHP   2. UserModel->RegisterActionReject() /var/www/luch/www/view/user.php:103
[21-Jan-2016 16:20:48 Europe/Helsinki] PHP   3. UserModel->GetUserInfo() /var/www/luch/www/model/UserModel.php:108
[21-Jan-2016 16:20:48 Europe/Helsinki] PHP   4. User->GetUserInfo() /var/www/luch/www/model/UserModel.php:122
[21-Jan-2016 16:20:48 Europe/Helsinki] Authorization error. Page: 
[21-Jan-2016 16:20:50 Europe/Helsinki] PHP Notice:  Undefined index: action in /var/www/luch/www/model/UserModel.php on line 46
[21-Jan-2016 16:20:50 Europe/Helsinki] PHP Stack trace:
[21-Jan-2016 16:20:50 Europe/Helsinki] PHP   1. {main}() /var/www/luch/www/view/user.php:0
[21-Jan-2016 16:20:50 Europe/Helsinki] PHP   2. UserModel->__construct() /var/www/luch/www/view/user.php:6
[21-Jan-2016 16:20:50 Europe/Helsinki] Incorect input. Data: {"lang":"en"} . Action: null . Page: userPage.
[21-Jan-2016 16:20:50 Europe/Helsinki] PHP Notice:  Undefined property: UserModel::$currPage in /var/www/luch/www/view/user.php on line 102
[21-Jan-2016 16:20:50 Europe/Helsinki] PHP Stack trace:
[21-Jan-2016 16:20:50 Europe/Helsinki] PHP   1. {main}() /var/www/luch/www/view/user.php:0
[21-Jan-2016 16:20:50 Europe/Helsinki] PHP Notice:  Undefined variable: userLogin in /var/www/luch/www/controller/User.php on line 467
[21-Jan-2016 16:20:50 Europe/Helsinki] PHP Stack trace:
[21-Jan-2016 16:20:50 Europe/Helsinki] PHP   1. {main}() /var/www/luch/www/view/user.php:0
[21-Jan-2016 16:20:50 Europe/Helsinki] PHP   2. UserModel->RegisterActionReject() /var/www/luch/www/view/user.php:103
[21-Jan-2016 16:20:50 Europe/Helsinki] PHP   3. UserModel->GetUserInfo() /var/www/luch/www/model/UserModel.php:108
[21-Jan-2016 16:20:50 Europe/Helsinki] PHP   4. User->GetUserInfo() /var/www/luch/www/model/UserModel.php:122
[21-Jan-2016 16:20:50 Europe/Helsinki] Authorization error. Page: 
[21-Jan-2016 16:20:51 Europe/Helsinki] PHP Notice:  Undefined index: action in /var/www/luch/www/model/UserModel.php on line 46
[21-Jan-2016 16:20:51 Europe/Helsinki] PHP Stack trace:
[21-Jan-2016 16:20:51 Europe/Helsinki] PHP   1. {main}() /var/www/luch/www/view/user.php:0
[21-Jan-2016 16:20:51 Europe/Helsinki] PHP   2. UserModel->__construct() /var/www/luch/www/view/user.php:6
[21-Jan-2016 16:20:51 Europe/Helsinki] Incorect input. Data: {"lang":"en"} . Action: null . Page: userPage.
[21-Jan-2016 16:20:51 Europe/Helsinki] PHP Notice:  Undefined property: UserModel::$currPage in /var/www/luch/www/view/user.php on line 102
[21-Jan-2016 16:20:51 Europe/Helsinki] PHP Stack trace:
[21-Jan-2016 16:20:51 Europe/Helsinki] PHP   1. {main}() /var/www/luch/www/view/user.php:0
[21-Jan-2016 16:20:51 Europe/Helsinki] PHP Notice:  Undefined variable: userLogin in /var/www/luch/www/controller/User.php on line 467
[21-Jan-2016 16:20:51 Europe/Helsinki] PHP Stack trace:
[21-Jan-2016 16:20:51 Europe/Helsinki] PHP   1. {main}() /var/www/luch/www/view/user.php:0
[21-Jan-2016 16:20:51 Europe/Helsinki] PHP   2. UserModel->RegisterActionReject() /var/www/luch/www/view/user.php:103
[21-Jan-2016 16:20:51 Europe/Helsinki] PHP   3. UserModel->GetUserInfo() /var/www/luch/www/model/UserModel.php:108
[21-Jan-2016 16:20:51 Europe/Helsinki] PHP   4. User->GetUserInfo() /var/www/luch/www/model/UserModel.php:122
[21-Jan-2016 16:20:51 Europe/Helsinki] Authorization error. Page: 
[21-Jan-2016 16:21:20 Europe/Helsinki] PHP Notice:  Undefined index: action in /var/www/luch/www/model/UserModel.php on line 46
[21-Jan-2016 16:21:20 Europe/Helsinki] PHP Stack trace:
[21-Jan-2016 16:21:20 Europe/Helsinki] PHP   1. {main}() /var/www/luch/www/view/user.php:0
[21-Jan-2016 16:21:20 Europe/Helsinki] PHP   2. UserModel->__construct() /var/www/luch/www/view/user.php:6
[21-Jan-2016 16:21:20 Europe/Helsinki] Incorect input. Data: {"lang":"ru"} . Action: null . Page: userPage.
[21-Jan-2016 16:21:20 Europe/Helsinki] PHP Notice:  Undefined index: userChangeLanguage in /var/www/luch/www/view/user.php on line 52
[21-Jan-2016 16:21:20 Europe/Helsinki] PHP Stack trace:
[21-Jan-2016 16:21:20 Europe/Helsinki] PHP   1. {main}() /var/www/luch/www/view/user.php:0
[21-Jan-2016 16:29:04 Europe/Helsinki] PHP Fatal error:  Call to undefined method UserModel::Logout() in /var/www/luch/www/view/user.php on line 25
[21-Jan-2016 16:29:04 Europe/Helsinki] PHP Stack trace:
[21-Jan-2016 16:29:04 Europe/Helsinki] PHP   1. {main}() /var/www/luch/www/view/user.php:0
[21-Jan-2016 16:40:09 Europe/Helsinki] PHP Notice:  Undefined index: action in /var/www/luch/www/model/UserModel.php on line 46
[21-Jan-2016 16:40:09 Europe/Helsinki] PHP Stack trace:
[21-Jan-2016 16:40:09 Europe/Helsinki] PHP   1. {main}() /var/www/luch/www/view/user.php:0
[21-Jan-2016 16:40:09 Europe/Helsinki] PHP   2. UserModel->__construct() /var/www/luch/www/view/user.php:6
[21-Jan-2016 16:40:09 Europe/Helsinki] Incorect input. Data: {"lang":"ru"} . Action: null . Page: userPage.
[21-Jan-2016 16:40:09 Europe/Helsinki] PHP Notice:  Undefined index: userChangeLanguage in /var/www/luch/www/view/user.php on line 52
[21-Jan-2016 16:40:09 Europe/Helsinki] PHP Stack trace:
[21-Jan-2016 16:40:09 Europe/Helsinki] PHP   1. {main}() /var/www/luch/www/view/user.php:0
[21-Jan-2016 16:40:11 Europe/Helsinki] PHP Notice:  Undefined index: action in /var/www/luch/www/model/UserModel.php on line 46
[21-Jan-2016 16:40:11 Europe/Helsinki] PHP Stack trace:
[21-Jan-2016 16:40:11 Europe/Helsinki] PHP   1. {main}() /var/www/luch/www/view/user.php:0
[21-Jan-2016 16:40:11 Europe/Helsinki] PHP   2. UserModel->__construct() /var/www/luch/www/view/user.php:6
[21-Jan-2016 16:40:11 Europe/Helsinki] Incorect input. Data: {"lang":"en"} . Action: null . Page: userPage.
[21-Jan-2016 16:40:11 Europe/Helsinki] PHP Notice:  Undefined index: userChangeLanguage in /var/www/luch/www/view/user.php on line 52
[21-Jan-2016 16:40:11 Europe/Helsinki] PHP Stack trace:
[21-Jan-2016 16:40:11 Europe/Helsinki] PHP   1. {main}() /var/www/luch/www/view/user.php:0
[21-Jan-2016 16:40:25 Europe/Helsinki] PHP Notice:  Undefined index: action in /var/www/luch/www/model/UserModel.php on line 46
[21-Jan-2016 16:40:25 Europe/Helsinki] PHP Stack trace:
[21-Jan-2016 16:40:25 Europe/Helsinki] PHP   1. {main}() /var/www/luch/www/view/user.php:0
[21-Jan-2016 16:40:25 Europe/Helsinki] PHP   2. UserModel->__construct() /var/www/luch/www/view/user.php:6
[21-Jan-2016 16:40:25 Europe/Helsinki] Incorect input. Data: {"lang":"en"} . Action: null . Page: userPage.
[21-Jan-2016 16:40:25 Europe/Helsinki] PHP Notice:  Undefined index: userChangeLanguage in /var/www/luch/www/view/user.php on line 52
[21-Jan-2016 16:40:25 Europe/Helsinki] PHP Stack trace:
[21-Jan-2016 16:40:25 Europe/Helsinki] PHP   1. {main}() /var/www/luch/www/view/user.php:0
[21-Jan-2016 16:41:19 Europe/Helsinki] PHP Notice:  Undefined index: action in /var/www/luch/www/model/UserModel.php on line 46
[21-Jan-2016 16:41:19 Europe/Helsinki] PHP Stack trace:
[21-Jan-2016 16:41:19 Europe/Helsinki] PHP   1. {main}() /var/www/luch/www/view/user.php:0
[21-Jan-2016 16:41:19 Europe/Helsinki] PHP   2. UserModel->__construct() /var/www/luch/www/view/user.php:6
[21-Jan-2016 16:41:19 Europe/Helsinki] Incorect input. Data: {"lang":"en"} . Action: null . Page: userPage.
[21-Jan-2016 16:41:19 Europe/Helsinki] PHP Notice:  Undefined index: userChangeLanguage in /var/www/luch/www/view/user.php on line 52
[21-Jan-2016 16:41:19 Europe/Helsinki] PHP Stack trace:
[21-Jan-2016 16:41:19 Europe/Helsinki] PHP   1. {main}() /var/www/luch/www/view/user.php:0
[21-Jan-2016 16:45:32 Europe/Helsinki] PHP Notice:  Undefined index: action in /var/www/luch/www/model/UserModel.php on line 46
[21-Jan-2016 16:45:32 Europe/Helsinki] PHP Stack trace:
[21-Jan-2016 16:45:32 Europe/Helsinki] PHP   1. {main}() /var/www/luch/www/view/user.php:0
[21-Jan-2016 16:45:32 Europe/Helsinki] PHP   2. UserModel->__construct() /var/www/luch/www/view/user.php:6
[21-Jan-2016 16:45:32 Europe/Helsinki] Incorect input. Data: {"lang":"en"} . Action: null . Page: userPage.
[21-Jan-2016 16:45:32 Europe/Helsinki] PHP Notice:  Undefined index: userChangeLanguage in /var/www/luch/www/view/user.php on line 52
[21-Jan-2016 16:45:32 Europe/Helsinki] PHP Stack trace:
[21-Jan-2016 16:45:32 Europe/Helsinki] PHP   1. {main}() /var/www/luch/www/view/user.php:0
[21-Jan-2016 16:49:59 Europe/Helsinki] PHP Notice:  Undefined index: action in /var/www/luch/www/model/UserModel.php on line 46
[21-Jan-2016 16:49:59 Europe/Helsinki] PHP Stack trace:
[21-Jan-2016 16:49:59 Europe/Helsinki] PHP   1. {main}() /var/www/luch/www/view/user.php:0
[21-Jan-2016 16:49:59 Europe/Helsinki] PHP   2. UserModel->__construct() /var/www/luch/www/view/user.php:6
[21-Jan-2016 16:49:59 Europe/Helsinki] Incorect input. Data: {"lang":"en"} . Action: null . Page: userPage.
[21-Jan-2016 16:49:59 Europe/Helsinki] PHP Notice:  Undefined index: userChangeLanguage in /var/www/luch/www/view/user.php on line 52
[21-Jan-2016 16:49:59 Europe/Helsinki] PHP Stack trace:
[21-Jan-2016 16:49:59 Europe/Helsinki] PHP   1. {main}() /var/www/luch/www/view/user.php:0
[21-Jan-2016 16:50:02 Europe/Helsinki] PHP Notice:  Undefined index: action in /var/www/luch/www/model/UserModel.php on line 46
[21-Jan-2016 16:50:02 Europe/Helsinki] PHP Stack trace:
[21-Jan-2016 16:50:02 Europe/Helsinki] PHP   1. {main}() /var/www/luch/www/view/user.php:0
[21-Jan-2016 16:50:02 Europe/Helsinki] PHP   2. UserModel->__construct() /var/www/luch/www/view/user.php:6
[21-Jan-2016 16:50:02 Europe/Helsinki] Incorect input. Data: {"lang":"ru"} . Action: null . Page: userPage.
[21-Jan-2016 16:50:02 Europe/Helsinki] PHP Notice:  Undefined index: userChangeLanguage in /var/www/luch/www/view/user.php on line 52
[21-Jan-2016 16:50:02 Europe/Helsinki] PHP Stack trace:
[21-Jan-2016 16:50:02 Europe/Helsinki] PHP   1. {main}() /var/www/luch/www/view/user.php:0
[21-Jan-2016 16:50:57 Europe/Helsinki] PHP Notice:  Undefined index: action in /var/www/luch/www/model/UserModel.php on line 46
[21-Jan-2016 16:50:57 Europe/Helsinki] PHP Stack trace:
[21-Jan-2016 16:50:57 Europe/Helsinki] PHP   1. {main}() /var/www/luch/www/view/user.php:0
[21-Jan-2016 16:50:57 Europe/Helsinki] PHP   2. UserModel->__construct() /var/www/luch/www/view/user.php:6
[21-Jan-2016 16:50:57 Europe/Helsinki] Incorect input. Data: {"lang":"en"} . Action: null . Page: userPage.
[21-Jan-2016 16:50:57 Europe/Helsinki] PHP Notice:  Undefined index: action in /var/www/luch/www/view/user.php on line 93
[21-Jan-2016 16:50:57 Europe/Helsinki] PHP Stack trace:
[21-Jan-2016 16:50:57 Europe/Helsinki] PHP   1. {main}() /var/www/luch/www/view/user.php:0
[21-Jan-2016 16:50:57 Europe/Helsinki] Undefined action. Data: {"lang":"en"} . Action: null . Page: userPage.
[21-Jan-2016 16:51:30 Europe/Helsinki] PHP Notice:  Undefined index: action in /var/www/luch/www/model/UserModel.php on line 46
[21-Jan-2016 16:51:30 Europe/Helsinki] PHP Stack trace:
[21-Jan-2016 16:51:30 Europe/Helsinki] PHP   1. {main}() /var/www/luch/www/view/user.php:0
[21-Jan-2016 16:51:30 Europe/Helsinki] PHP   2. UserModel->__construct() /var/www/luch/www/view/user.php:6
[21-Jan-2016 16:51:30 Europe/Helsinki] Incorect input. Data: {"lang":"ru"} . Action: null . Page: userPage.
[21-Jan-2016 16:51:30 Europe/Helsinki] PHP Notice:  Undefined index: action in /var/www/luch/www/view/user.php on line 93
[21-Jan-2016 16:51:30 Europe/Helsinki] PHP Stack trace:
[21-Jan-2016 16:51:30 Europe/Helsinki] PHP   1. {main}() /var/www/luch/www/view/user.php:0
[21-Jan-2016 16:51:30 Europe/Helsinki] Undefined action. Data: {"lang":"ru"} . Action: null . Page: userPage.
[21-Jan-2016 16:51:41 Europe/Helsinki] PHP Notice:  Undefined index: action in /var/www/luch/www/model/UserModel.php on line 46
[21-Jan-2016 16:51:41 Europe/Helsinki] PHP Stack trace:
[21-Jan-2016 16:51:41 Europe/Helsinki] PHP   1. {main}() /var/www/luch/www/view/user.php:0
[21-Jan-2016 16:51:41 Europe/Helsinki] PHP   2. UserModel->__construct() /var/www/luch/www/view/user.php:6
[21-Jan-2016 16:51:41 Europe/Helsinki] Incorect input. Data: {"lang":"en"} . Action: null . Page: userPage.
[21-Jan-2016 16:51:41 Europe/Helsinki] PHP Notice:  Undefined index: action in /var/www/luch/www/view/user.php on line 93
[21-Jan-2016 16:51:41 Europe/Helsinki] PHP Stack trace:
[21-Jan-2016 16:51:41 Europe/Helsinki] PHP   1. {main}() /var/www/luch/www/view/user.php:0
[21-Jan-2016 16:51:41 Europe/Helsinki] Undefined action. Data: {"lang":"en"} . Action: null . Page: userPage.
[21-Jan-2016 17:05:03 Europe/Helsinki] {"bruType":"Boeing-737_BDO_New","startCopyTime":1418898123,"takeOffLat":0.090637206,"takeOffLong":0.8679256,"landingLat":0.090637206,"landingLong":0.878912,"bort":"B737_BDO"}
[21-Jan-2016 17:05:03 Europe/Helsinki] {"bruType":"Boeing-737_BDO_New","startCopyTime":1418898123,"takeOffLat":0.090637206,"takeOffLong":0.8679256,"landingLat":0.090637206,"landingLong":0.878912,"bort":"B737_BDO"}
[21-Jan-2016 17:44:39 Europe/Helsinki] PHP Notice:  Undefined property: stdClass::$upload in /var/www/luch/www/model/FlightsModel.php on line 111
[21-Jan-2016 17:44:39 Europe/Helsinki] PHP Stack trace:
[21-Jan-2016 17:44:39 Europe/Helsinki] PHP   1. {main}() /var/www/luch/www/view/flights.php:0
[21-Jan-2016 17:44:39 Europe/Helsinki] PHP   2. FlightsModel->PutTopMenu() /var/www/luch/www/view/flights.php:20
[21-Jan-2016 17:44:50 Europe/Helsinki] PHP Notice:  Undefined property: stdClass::$upload in /var/www/luch/www/model/FlightsModel.php on line 111
[21-Jan-2016 17:44:50 Europe/Helsinki] PHP Stack trace:
[21-Jan-2016 17:44:50 Europe/Helsinki] PHP   1. {main}() /var/www/luch/www/view/flights.php:0
[21-Jan-2016 17:44:50 Europe/Helsinki] PHP   2. FlightsModel->PutTopMenu() /var/www/luch/www/view/flights.php:20
[21-Jan-2016 17:45:05 Europe/Helsinki] PHP Notice:  Undefined property: stdClass::$upload in /var/www/luch/www/model/FlightsModel.php on line 111
[21-Jan-2016 17:45:05 Europe/Helsinki] PHP Stack trace:
[21-Jan-2016 17:45:05 Europe/Helsinki] PHP   1. {main}() /var/www/luch/www/view/flights.php:0
[21-Jan-2016 17:45:05 Europe/Helsinki] PHP   2. FlightsModel->PutTopMenu() /var/www/luch/www/view/flights.php:20
[21-Jan-2016 17:47:43 Europe/Helsinki] PHP Notice:  Undefined index: action in /var/www/luch/www/model/UserModel.php on line 46
[21-Jan-2016 17:47:43 Europe/Helsinki] PHP Stack trace:
[21-Jan-2016 17:47:43 Europe/Helsinki] PHP   1. {main}() /var/www/luch/www/view/user.php:0
[21-Jan-2016 17:47:43 Europe/Helsinki] PHP   2. UserModel->__construct() /var/www/luch/www/view/user.php:6
[21-Jan-2016 17:47:43 Europe/Helsinki] Incorect input. Data: {"lang":"en"} . Action: null . Page: userPage.
[21-Jan-2016 17:47:43 Europe/Helsinki] PHP Notice:  Undefined index: action in /var/www/luch/www/view/user.php on line 93
[21-Jan-2016 17:47:43 Europe/Helsinki] PHP Stack trace:
[21-Jan-2016 17:47:43 Europe/Helsinki] PHP   1. {main}() /var/www/luch/www/view/user.php:0
[21-Jan-2016 17:47:43 Europe/Helsinki] Undefined action. Data: {"lang":"en"} . Action: null . Page: userPage.
[21-Jan-2016 17:47:45 Europe/Helsinki] PHP Notice:  Undefined index: action in /var/www/luch/www/model/UserModel.php on line 46
[21-Jan-2016 17:47:45 Europe/Helsinki] PHP Stack trace:
[21-Jan-2016 17:47:45 Europe/Helsinki] PHP   1. {main}() /var/www/luch/www/view/user.php:0
[21-Jan-2016 17:47:45 Europe/Helsinki] PHP   2. UserModel->__construct() /var/www/luch/www/view/user.php:6
[21-Jan-2016 17:47:45 Europe/Helsinki] Incorect input. Data: {"lang":"ru"} . Action: null . Page: userPage.
[21-Jan-2016 17:47:45 Europe/Helsinki] PHP Notice:  Undefined index: action in /var/www/luch/www/view/user.php on line 93
[21-Jan-2016 17:47:45 Europe/Helsinki] PHP Stack trace:
[21-Jan-2016 17:47:45 Europe/Helsinki] PHP   1. {main}() /var/www/luch/www/view/user.php:0
[21-Jan-2016 17:47:45 Europe/Helsinki] Undefined action. Data: {"lang":"ru"} . Action: null . Page: userPage.
[21-Jan-2016 17:55:59 Europe/Helsinki] PHP Notice:  Undefined index: action in /var/www/luch/www/model/UserModel.php on line 46
[21-Jan-2016 17:55:59 Europe/Helsinki] PHP Stack trace:
[21-Jan-2016 17:55:59 Europe/Helsinki] PHP   1. {main}() /var/www/luch/www/view/user.php:0
[21-Jan-2016 17:55:59 Europe/Helsinki] PHP   2. UserModel->__construct() /var/www/luch/www/view/user.php:6
[21-Jan-2016 17:55:59 Europe/Helsinki] Incorect input. Data: {"lang":"en"} . Action: null . Page: userPage.
[21-Jan-2016 17:55:59 Europe/Helsinki] PHP Notice:  Undefined index: action in /var/www/luch/www/view/user.php on line 93
[21-Jan-2016 17:55:59 Europe/Helsinki] PHP Stack trace:
[21-Jan-2016 17:55:59 Europe/Helsinki] PHP   1. {main}() /var/www/luch/www/view/user.php:0
[21-Jan-2016 17:55:59 Europe/Helsinki] Undefined action. Data: {"lang":"en"} . Action: null . Page: userPage.
[21-Jan-2016 17:56:02 Europe/Helsinki] PHP Notice:  Undefined index: action in /var/www/luch/www/model/UserModel.php on line 46
[21-Jan-2016 17:56:02 Europe/Helsinki] PHP Stack trace:
[21-Jan-2016 17:56:02 Europe/Helsinki] PHP   1. {main}() /var/www/luch/www/view/user.php:0
[21-Jan-2016 17:56:02 Europe/Helsinki] PHP   2. UserModel->__construct() /var/www/luch/www/view/user.php:6
[21-Jan-2016 17:56:02 Europe/Helsinki] Incorect input. Data: {"lang":"en"} . Action: null . Page: userPage.
[21-Jan-2016 17:56:02 Europe/Helsinki] PHP Notice:  Undefined index: action in /var/www/luch/www/view/user.php on line 93
[21-Jan-2016 17:56:02 Europe/Helsinki] PHP Stack trace:
[21-Jan-2016 17:56:02 Europe/Helsinki] PHP   1. {main}() /var/www/luch/www/view/user.php:0
[21-Jan-2016 17:56:02 Europe/Helsinki] Undefined action. Data: {"lang":"en"} . Action: null . Page: userPage.
[21-Jan-2016 17:56:03 Europe/Helsinki] PHP Notice:  Undefined index: action in /var/www/luch/www/model/UserModel.php on line 46
[21-Jan-2016 17:56:03 Europe/Helsinki] PHP Stack trace:
[21-Jan-2016 17:56:03 Europe/Helsinki] PHP   1. {main}() /var/www/luch/www/view/user.php:0
[21-Jan-2016 17:56:03 Europe/Helsinki] PHP   2. UserModel->__construct() /var/www/luch/www/view/user.php:6
[21-Jan-2016 17:56:03 Europe/Helsinki] Incorect input. Data: {"lang":"en"} . Action: null . Page: userPage.
[21-Jan-2016 17:56:03 Europe/Helsinki] PHP Notice:  Undefined index: action in /var/www/luch/www/view/user.php on line 93
[21-Jan-2016 17:56:03 Europe/Helsinki] PHP Stack trace:
[21-Jan-2016 17:56:03 Europe/Helsinki] PHP   1. {main}() /var/www/luch/www/view/user.php:0
[21-Jan-2016 17:56:03 Europe/Helsinki] Undefined action. Data: {"lang":"en"} . Action: null . Page: userPage.
[21-Jan-2016 17:56:03 Europe/Helsinki] PHP Notice:  Undefined index: action in /var/www/luch/www/model/UserModel.php on line 46
[21-Jan-2016 17:56:03 Europe/Helsinki] PHP Stack trace:
[21-Jan-2016 17:56:03 Europe/Helsinki] PHP   1. {main}() /var/www/luch/www/view/user.php:0
[21-Jan-2016 17:56:03 Europe/Helsinki] PHP   2. UserModel->__construct() /var/www/luch/www/view/user.php:6
[21-Jan-2016 17:56:03 Europe/Helsinki] Incorect input. Data: {"lang":"en"} . Action: null . Page: userPage.
[21-Jan-2016 17:56:03 Europe/Helsinki] PHP Notice:  Undefined index: action in /var/www/luch/www/view/user.php on line 93
[21-Jan-2016 17:56:03 Europe/Helsinki] PHP Stack trace:
[21-Jan-2016 17:56:03 Europe/Helsinki] PHP   1. {main}() /var/www/luch/www/view/user.php:0
[21-Jan-2016 17:56:03 Europe/Helsinki] Undefined action. Data: {"lang":"en"} . Action: null . Page: userPage.
[21-Jan-2016 17:56:03 Europe/Helsinki] PHP Notice:  Undefined index: action in /var/www/luch/www/model/UserModel.php on line 46
[21-Jan-2016 17:56:03 Europe/Helsinki] PHP Stack trace:
[21-Jan-2016 17:56:03 Europe/Helsinki] PHP   1. {main}() /var/www/luch/www/view/user.php:0
[21-Jan-2016 17:56:03 Europe/Helsinki] PHP   2. UserModel->__construct() /var/www/luch/www/view/user.php:6
[21-Jan-2016 17:56:03 Europe/Helsinki] Incorect input. Data: {"lang":"en"} . Action: null . Page: userPage.
[21-Jan-2016 17:56:03 Europe/Helsinki] PHP Notice:  Undefined index: action in /var/www/luch/www/view/user.php on line 93
[21-Jan-2016 17:56:03 Europe/Helsinki] PHP Stack trace:
[21-Jan-2016 17:56:03 Europe/Helsinki] PHP   1. {main}() /var/www/luch/www/view/user.php:0
[21-Jan-2016 17:56:03 Europe/Helsinki] Undefined action. Data: {"lang":"en"} . Action: null . Page: userPage.
[21-Jan-2016 17:56:15 Europe/Helsinki] PHP Notice:  Undefined index: action in /var/www/luch/www/model/UserModel.php on line 46
[21-Jan-2016 17:56:15 Europe/Helsinki] PHP Stack trace:
[21-Jan-2016 17:56:15 Europe/Helsinki] PHP   1. {main}() /var/www/luch/www/view/user.php:0
[21-Jan-2016 17:56:15 Europe/Helsinki] PHP   2. UserModel->__construct() /var/www/luch/www/view/user.php:6
[21-Jan-2016 17:56:15 Europe/Helsinki] Incorect input. Data: {"lang":"en"} . Action: null . Page: userPage.
[21-Jan-2016 17:56:15 Europe/Helsinki] PHP Notice:  Undefined index: action in /var/www/luch/www/view/user.php on line 93
[21-Jan-2016 17:56:15 Europe/Helsinki] PHP Stack trace:
[21-Jan-2016 17:56:15 Europe/Helsinki] PHP   1. {main}() /var/www/luch/www/view/user.php:0
[21-Jan-2016 17:56:15 Europe/Helsinki] Undefined action. Data: {"lang":"en"} . Action: null . Page: userPage.
[21-Jan-2016 17:58:04 Europe/Helsinki] PHP Notice:  Undefined index: action in /var/www/luch/www/model/UserModel.php on line 46
[21-Jan-2016 17:58:04 Europe/Helsinki] PHP Stack trace:
[21-Jan-2016 17:58:04 Europe/Helsinki] PHP   1. {main}() /var/www/luch/www/view/user.php:0
[21-Jan-2016 17:58:04 Europe/Helsinki] PHP   2. UserModel->__construct() /var/www/luch/www/view/user.php:6
[21-Jan-2016 17:58:04 Europe/Helsinki] Incorect input. Data: {"lang":"en"} . Action: null . Page: userPage.
[21-Jan-2016 17:58:04 Europe/Helsinki] PHP Notice:  Undefined index: action in /var/www/luch/www/view/user.php on line 93
[21-Jan-2016 17:58:04 Europe/Helsinki] PHP Stack trace:
[21-Jan-2016 17:58:04 Europe/Helsinki] PHP   1. {main}() /var/www/luch/www/view/user.php:0
[21-Jan-2016 17:58:04 Europe/Helsinki] Undefined action. Data: {"lang":"en"} . Action: null . Page: userPage.
[21-Jan-2016 17:58:17 Europe/Helsinki] PHP Notice:  Undefined index: action in /var/www/luch/www/model/UserModel.php on line 46
[21-Jan-2016 17:58:17 Europe/Helsinki] PHP Stack trace:
[21-Jan-2016 17:58:17 Europe/Helsinki] PHP   1. {main}() /var/www/luch/www/view/user.php:0
[21-Jan-2016 17:58:17 Europe/Helsinki] PHP   2. UserModel->__construct() /var/www/luch/www/view/user.php:6
[21-Jan-2016 17:58:17 Europe/Helsinki] Incorect input. Data: {"lang":"ru"} . Action: null . Page: userPage.
[21-Jan-2016 17:58:17 Europe/Helsinki] PHP Notice:  Undefined index: action in /var/www/luch/www/view/user.php on line 93
[21-Jan-2016 17:58:17 Europe/Helsinki] PHP Stack trace:
[21-Jan-2016 17:58:17 Europe/Helsinki] PHP   1. {main}() /var/www/luch/www/view/user.php:0
[21-Jan-2016 17:58:17 Europe/Helsinki] Undefined action. Data: {"lang":"ru"} . Action: null . Page: userPage.
[21-Jan-2016 17:58:18 Europe/Helsinki] PHP Notice:  Undefined index: action in /var/www/luch/www/model/UserModel.php on line 46
[21-Jan-2016 17:58:18 Europe/Helsinki] PHP Stack trace:
[21-Jan-2016 17:58:18 Europe/Helsinki] PHP   1. {main}() /var/www/luch/www/view/user.php:0
[21-Jan-2016 17:58:18 Europe/Helsinki] PHP   2. UserModel->__construct() /var/www/luch/www/view/user.php:6
[21-Jan-2016 17:58:18 Europe/Helsinki] Incorect input. Data: {"lang":"en"} . Action: null . Page: userPage.
[21-Jan-2016 17:58:18 Europe/Helsinki] PHP Notice:  Undefined index: action in /var/www/luch/www/view/user.php on line 93
[21-Jan-2016 17:58:18 Europe/Helsinki] PHP Stack trace:
[21-Jan-2016 17:58:18 Europe/Helsinki] PHP   1. {main}() /var/www/luch/www/view/user.php:0
[21-Jan-2016 17:58:18 Europe/Helsinki] Undefined action. Data: {"lang":"en"} . Action: null . Page: userPage.
